2024-06-01 14:05:20,447 P3531|T131972915480384
	telegram.ext.ExtBot DEBUG
	Calling Bot API endpoint `getUpdates` with parameters `{'timeout': 10, 'offset': 440094103}`
2024-06-01 14:05:30,584 P3531|T131972915480384
	telegram.ext.ExtBot DEBUG
	Call to Bot API endpoint `getUpdates` finished with return value `[]`
2024-06-01 14:05:30,584 P3531|T131972915480384
	telegram.ext.ExtBot DEBUG
	No new updates found.
2024-06-01 14:05:30,584 P3531|T131972915480384
	telegram.ext.ExtBot DEBUG
	Calling Bot API endpoint `getUpdates` with parameters `{'timeout': 10, 'offset': 440094103}`
2024-06-01 14:05:40,722 P3531|T131972915480384
	telegram.ext.ExtBot DEBUG
	Call to Bot API endpoint `getUpdates` finished with return value `[]`
2024-06-01 14:05:40,722 P3531|T131972915480384
	telegram.ext.ExtBot DEBUG
	No new updates found.
2024-06-01 14:05:40,722 P3531|T131972915480384
	telegram.ext.ExtBot DEBUG
	Calling Bot API endpoint `getUpdates` with parameters `{'timeout': 10, 'offset': 440094103}`
2024-06-01 14:05:50,859 P3531|T131972915480384
	telegram.ext.ExtBot DEBUG
	Call to Bot API endpoint `getUpdates` finished with return value `[]`
2024-06-01 14:05:50,859 P3531|T131972915480384
	telegram.ext.ExtBot DEBUG
	No new updates found.
2024-06-01 14:05:50,859 P3531|T131972915480384
	telegram.ext.ExtBot DEBUG
	Calling Bot API endpoint `getUpdates` with parameters `{'timeout': 10, 'offset': 440094103}`
2024-06-01 14:05:59,768 P3531|T131972915480384
	telegram.ext.ExtBot DEBUG
	Call to Bot API endpoint `getUpdates` finished with return value `[{'update_id': 440094103, 'message': {'message_id': 340, 'from': {'id': 217555405, 'is_bot': False, 'first_name': 'Анна', 'last_name': 'Дорошева', 'username': 'AnnDorosheva'}, 'chat': {'id': -4267387862, 'title': 'RoBot Debug', 'type': 'group', 'all_members_are_administrators': True}, 'date': 1717239959, 'text': 'Logo\nEvenimente\n•••\n2\n￼\nFestival Wine Picnic 2024\n1 iunie\nSâmbătă 11:00\nGrădina Botanică\n299\xa0lei\nCUMPĂRĂ BILETE\nAdaugă în favorite\nVă invităm la Wine Picnic 2024 - un festival al vinului în stil picnic, care va avea loc în primul weekend de vară, într-o poiană pitorească a Grădinii Botanice. Veți avea parte de două zile minunate cu degustări de vinuri nobile, mâncăruri unice și masterclass-uri gastronomice. Fiecare seară se va încheia cu un concert susținut de regina jazz-ului moldovenesc - Geta Burlacu și prietenii săi!\n\xa0\nVeți pătrunde în atmosfera unei vacanțe de vară alături de zeci producători de vinuri, care vor prezenta cele mai interesante produse noi ale sezonului. Vă veți bucura de muzica jazz live și veți savura gastronomia europeana. Multe alte surprize vor crea atmosfera unică a acestei sarbatori de vară.\n\xa0\nÎn poienițele Grădinii Botanice vor fi create zone de interactiune comode pentru comunicare şi degustări, zone de picnic, sectoare confortabile la umbra copacilor, spaţii pentru distractii şi plimbări, precum şi un loc de joacă pentru copii.\nVeniți cu o păturiță, un coș de picnic, chiar și cu animalele de companie. Sărbătoriți vara alături de prieteni și familie, în atmosfera elegantă a Wine Picnic!\n\xa0\nCostul setului de degustare (pahar și şapte porții de degustare): 299 MDL\nVizitatorii festivalului vor avea acces la:\nDegustări ghidate de către\xa0Şcoala de Sommelier\nConcerte jazz în fiecare seară\nZonă pentru copii\nIntrarea pe teritoriul Wine Picnic este liberă\nIntrarea pe teritoriul Grădinii Botanice - se achită la intrarea în parc\n\xa0\nWine Picnic este cofinanțat de către Uniunea Europeană.\nParteneri: Primăria mun. Chișinău, Oficiul Național al Viei şi Vinului, Școala de Sommelier din Moldova, Kaufland, Librarius.\nParteneri media: RadioRelax, NewsMaker, Locals', 'entities': [{'offset': 0, 'length': 4, 'type': 'text_link', 'url': 'https://iticket.md/'}, {'offset': 0, 'length': 4, 'type': 'bold'}, {'offset': 5, 'length': 10, 'type': 'text_link', 'url': 'https://iticket.md/events'}, {'offset': 20, 'length': 1, 'type': 'text_link', 'url': 'https://iticket.md/account/notifications/list'}, {'offset': 24, 'length': 25, 'type': 'bold'}], 'link_preview_options': {'url': 'https://iticket.md/', 'prefer_small_media': True}}}]`
2024-06-01 14:05:59,768 P3531|T131972915480384
	telegram.ext.ExtBot DEBUG
	Getting updates: [440094103]
2024-06-01 14:05:59,769 P3531|T131972915480384
	telegram.ext.Application DEBUG
	Processing update Update(message=Message(channel_chat_created=False, chat=Chat(api_kwargs={'all_members_are_administrators': True}, id=-4267387862, title='RoBot Debug', type=<ChatType.GROUP>), date=datetime.datetime(2024, 6, 1, 11, 5, 59, tzinfo=<UTC>), delete_chat_photo=False, entities=(MessageEntity(length=4, offset=0, type=<MessageEntityType.TEXT_LINK>, url='https://iticket.md/'), MessageEntity(length=4, offset=0, type=<MessageEntityType.BOLD>), MessageEntity(length=10, offset=5, type=<MessageEntityType.TEXT_LINK>, url='https://iticket.md/events'), MessageEntity(length=1, offset=20, type=<MessageEntityType.TEXT_LINK>, url='https://iticket.md/account/notifications/list'), MessageEntity(length=25, offset=24, type=<MessageEntityType.BOLD>)), from_user=User(first_name='Анна', id=217555405, is_bot=False, last_name='Дорошева', username='AnnDorosheva'), group_chat_created=False, link_preview_options=LinkPreviewOptions(prefer_small_media=True, url='https://iticket.md/'), message_id=340, supergroup_chat_created=False, text='Logo\nEvenimente\n•••\n2\n￼\nFestival Wine Picnic 2024\n1 iunie\nSâmbătă 11:00\nGrădina Botanică\n299\xa0lei\nCUMPĂRĂ BILETE\nAdaugă în favorite\nVă invităm la Wine Picnic 2024 - un festival al vinului în stil picnic, care va avea loc în primul weekend de vară, într-o poiană pitorească a Grădinii Botanice. Veți avea parte de două zile minunate cu degustări de vinuri nobile, mâncăruri unice și masterclass-uri gastronomice. Fiecare seară se va încheia cu un concert susținut de regina jazz-ului moldovenesc - Geta Burlacu și prietenii săi!\n\xa0\nVeți pătrunde în atmosfera unei vacanțe de vară alături de zeci producători de vinuri, care vor prezenta cele mai interesante produse noi ale sezonului. Vă veți bucura de muzica jazz live și veți savura gastronomia europeana. Multe alte surprize vor crea atmosfera unică a acestei sarbatori de vară.\n\xa0\nÎn poienițele Grădinii Botanice vor fi create zone de interactiune comode pentru comunicare şi degustări, zone de picnic, sectoare confortabile la umbra copacilor, spaţii pentru distractii şi plimbări, precum şi un loc de joacă pentru copii.\nVeniți cu o păturiță, un coș de picnic, chiar și cu animalele de companie. Sărbătoriți vara alături de prieteni și familie, în atmosfera elegantă a Wine Picnic!\n\xa0\nCostul setului de degustare (pahar și şapte porții de degustare): 299 MDL\nVizitatorii festivalului vor avea acces la:\nDegustări ghidate de către\xa0Şcoala de Sommelier\nConcerte jazz în fiecare seară\nZonă pentru copii\nIntrarea pe teritoriul Wine Picnic este liberă\nIntrarea pe teritoriul Grădinii Botanice - se achită la intrarea în parc\n\xa0\nWine Picnic este cofinanțat de către Uniunea Europeană.\nParteneri: Primăria mun. Chișinău, Oficiul Național al Viei şi Vinului, Școala de Sommelier din Moldova, Kaufland, Librarius.\nParteneri media: RadioRelax, NewsMaker, Locals'), update_id=440094103)
2024-06-01 14:05:59,770 P3531|T131972915480384
	vladpy_telegram_ro_bot.Bot INFO
	translation handle begin [440094103]
2024-06-01 14:05:59,770 P3531|T131972915480384
	vladpy_telegram_ro_bot.Translator INFO
	translate begin [440094103]
2024-06-01 14:05:59,770 P3531|T131972915480384
	telegram.ext.ExtBot DEBUG
	Calling Bot API endpoint `getUpdates` with parameters `{'timeout': 10, 'offset': 440094104}`
2024-06-01 14:05:59,775 P3531|T131972915480384
	vladpy_telegram_ro_bot.Translator INFO
	translate [440094103], language detect
2024-06-01 14:05:59,776 P3531|T131972915480384
	vladpy_telegram_ro_bot.Translator INFO
	translate [440094103], sentences extract
2024-06-01 14:05:59,776 P3531|T131972915480384
	vladpy_telegram_ro_bot.Translator INFO
	translate gcloud begin [440094103]
2024-06-01 14:06:00,280 P3531|T131972915480384
	vladpy_telegram_ro_bot.Translator ERROR
	translate gcloud exception [440094103]
Traceback (most recent call last):
  File "/home/vladpy/miniconda3/envs/telegram-ro-bot/lib/python3.11/site-packages/google/api_core/grpc_helpers_async.py", line 85, in __await__
    response = yield from self._call.__await__()
               ^^^^^^^^^^^^^^^^^^^^^^^^^^^^^^^^^
  File "/home/vladpy/miniconda3/envs/telegram-ro-bot/lib/python3.11/site-packages/grpc/aio/_call.py", line 318, in __await__
    raise _create_rpc_error(
grpc.aio._call.AioRpcError: <AioRpcError of RPC that terminated with:
	status = StatusCode.INVALID_ARGUMENT
	details = "Invalid field "labels.username"; value "AnnDorosheva" does not conform to regular expression "[\p{Ll}\p{Lo}\p{N}_-]{0,63}"; character "A" at position 0 is not a non-uppercased letter (Unicode character class Ll or Lo), digit, hyphen, or underscore"
	debug_error_string = "UNKNOWN:Error received from peer ipv4:142.250.181.234:443 {created_time:"2024-06-01T14:06:00.280297996+03:00", grpc_status:3, grpc_message:"Invalid field \"labels.username\"; value \"AnnDorosheva\" does not conform to regular expression \"[\\p{Ll}\\p{Lo}\\p{N}_-]{0,63}\"; character \"A\" at position 0 is not a non-uppercased letter (Unicode character class Ll or Lo), digit, hyphen, or underscore"}"
>

The above exception was the direct cause of the following exception:

Traceback (most recent call last):
  File "/home/vladpy/projects/telegram-ro-bot/src/vladpy_telegram_ro_bot/_application/_translator/_translator.py", line 252, in __translate_gcloud
    await self.__gtranslate_client.translate_text(
  File "/home/vladpy/miniconda3/envs/telegram-ro-bot/lib/python3.11/site-packages/google/cloud/translate_v3/services/translation_service/async_client.py", line 472, in translate_text
    response = await rpc(
               ^^^^^^^^^^
  File "/home/vladpy/miniconda3/envs/telegram-ro-bot/lib/python3.11/site-packages/google/api_core/grpc_helpers_async.py", line 88, in __await__
    raise exceptions.from_grpc_error(rpc_error) from rpc_error
google.api_core.exceptions.InvalidArgument: 400 Invalid field "labels.username"; value "AnnDorosheva" does not conform to regular expression "[\p{Ll}\p{Lo}\p{N}_-]{0,63}"; character "A" at position 0 is not a non-uppercased letter (Unicode character class Ll or Lo), digit, hyphen, or underscore
2024-06-01 14:06:00,286 P3531|T131972915480384
	vladpy_telegram_ro_bot.Application ERROR
	application error: 400 Invalid field "labels.username"; value "AnnDorosheva" does not conform to regular expression "[\p{Ll}\p{Lo}\p{N}_-]{0,63}"; character "A" at position 0 is not a non-uppercased letter (Unicode character class Ll or Lo), digit, hyphen, or underscore
2024-06-01 14:06:09,906 P3531|T131972915480384
	telegram.ext.ExtBot DEBUG
	Call to Bot API endpoint `getUpdates` finished with return value `[]`
2024-06-01 14:06:09,906 P3531|T131972915480384
	telegram.ext.ExtBot DEBUG
	No new updates found.
2024-06-01 14:06:09,906 P3531|T131972915480384
	telegram.ext.ExtBot DEBUG
	Calling Bot API endpoint `getUpdates` with parameters `{'timeout': 10, 'offset': 440094104}`
2024-06-01 14:06:11,442 P3531|T131972915480384
	telegram.ext.ExtBot DEBUG
	Call to Bot API endpoint `getUpdates` finished with return value `[{'update_id': 440094104, 'message': {'message_id': 341, 'from': {'id': 217555405, 'is_bot': False, 'first_name': 'Анна', 'last_name': 'Дорошева', 'username': 'AnnDorosheva'}, 'chat': {'id': -4267387862, 'title': 'RoBot Debug', 'type': 'group', 'all_members_are_administrators': True}, 'date': 1717239971, 'text': '/hello', 'entities': [{'offset': 0, 'length': 6, 'type': 'bot_command'}]}}]`
2024-06-01 14:06:11,442 P3531|T131972915480384
	telegram.ext.ExtBot DEBUG
	Getting updates: [440094104]
2024-06-01 14:06:11,442 P3531|T131972915480384
	telegram.ext.Application DEBUG
	Processing update Update(message=Message(channel_chat_created=False, chat=Chat(api_kwargs={'all_members_are_administrators': True}, id=-4267387862, title='RoBot Debug', type=<ChatType.GROUP>), date=datetime.datetime(2024, 6, 1, 11, 6, 11, tzinfo=<UTC>), delete_chat_photo=False, entities=(MessageEntity(length=6, offset=0, type=<MessageEntityType.BOT_COMMAND>),), from_user=User(first_name='Анна', id=217555405, is_bot=False, last_name='Дорошева', username='AnnDorosheva'), group_chat_created=False, message_id=341, supergroup_chat_created=False, text='/hello'), update_id=440094104)
2024-06-01 14:06:11,443 P3531|T131972915480384
	vladpy_telegram_ro_bot.Bot INFO
	command handle begin [440094104]
2024-06-01 14:06:11,443 P3531|T131972915480384
	vladpy_telegram_ro_bot.Bot INFO
	command handle "hello" [440094104]
2024-06-01 14:06:11,443 P3531|T131972915480384
	telegram.ext.ExtBot DEBUG
	Passing request through rate limiter of type <class 'telegram.ext._aioratelimiter.AIORateLimiter'> with rate_limit_args None
2024-06-01 14:06:11,443 P3531|T131972915480384
	telegram.ext.ExtBot DEBUG
	Calling Bot API endpoint `sendMessage` with parameters `{'chat_id': -4267387862, 'text': 'Hello\\. This is Romanian translator Bot\\. Please, send me romanian text and I will translate it for you, sentence by sentence\\.', 'parse_mode': <ParseMode.MARKDOWN_V2>, 'reply_parameters': ReplyParameters(message_id=341, quote_parse_mode=<ParseMode.MARKDOWN_V2>)}`
2024-06-01 14:06:11,443 P3531|T131972915480384
	telegram.ext.ExtBot DEBUG
	Calling Bot API endpoint `getUpdates` with parameters `{'timeout': 10, 'offset': 440094105}`
2024-06-01 14:06:11,669 P3531|T131972915480384
	telegram.ext.ExtBot DEBUG
	Call to Bot API endpoint `sendMessage` finished with return value `{'message_id': 342, 'from': {'id': 7000320864, 'is_bot': True, 'first_name': 'RoBot', 'username': 'vladpy_ro_bot'}, 'chat': {'id': -4267387862, 'title': 'RoBot Debug', 'type': 'group', 'all_members_are_administrators': True}, 'date': 1717239971, 'reply_to_message': {'message_id': 341, 'from': {'id': 217555405, 'is_bot': False, 'first_name': 'Анна', 'last_name': 'Дорошева', 'username': 'AnnDorosheva'}, 'chat': {'id': -4267387862, 'title': 'RoBot Debug', 'type': 'group', 'all_members_are_administrators': True}, 'date': 1717239971, 'text': '/hello', 'entities': [{'offset': 0, 'length': 6, 'type': 'bot_command'}]}, 'text': 'Hello. This is Romanian translator Bot. Please, send me romanian text and I will translate it for you, sentence by sentence.'}`
2024-06-01 14:06:11,669 P3531|T131972915480384
	vladpy_telegram_ro_bot.Bot INFO
	command handle end [440094104]
2024-06-01 14:06:15,743 P3531|T131972915480384
	telegram.ext.ExtBot DEBUG
	Call to Bot API endpoint `getUpdates` finished with return value `[{'update_id': 440094105, 'message': {'message_id': 343, 'from': {'id': 217555405, 'is_bot': False, 'first_name': 'Анна', 'last_name': 'Дорошева', 'username': 'AnnDorosheva'}, 'chat': {'id': -4267387862, 'title': 'RoBot Debug', 'type': 'group', 'all_members_are_administrators': True}, 'date': 1717239975, 'text': 'Logo\nEvenimente\n•••\n2\n￼\nFestival Wine Picnic 2024\n1 iunie\nSâmbătă 11:00\nGrădina Botanică\n299\xa0lei\nCUMPĂRĂ BILETE\nAdaugă în favorite\nVă invităm la Wine Picnic 2024 - un festival al vinului în stil picnic, care va avea loc în primul weekend de vară, într-o poiană pitorească a Grădinii Botanice. Veți avea parte de două zile minunate cu degustări de vinuri nobile, mâncăruri unice și masterclass-uri gastronomice. Fiecare seară se va încheia cu un concert susținut de regina jazz-ului moldovenesc - Geta Burlacu și prietenii săi!\n\xa0\nVeți pătrunde în atmosfera unei vacanțe de vară alături de zeci producători de vinuri, care vor prezenta cele mai interesante produse noi ale sezonului. Vă veți bucura de muzica jazz live și veți savura gastronomia europeana. Multe alte surprize vor crea atmosfera unică a acestei sarbatori de vară.\n\xa0\nÎn poienițele Grădinii Botanice vor fi create zone de interactiune comode pentru comunicare şi degustări, zone de picnic, sectoare confortabile la umbra copacilor, spaţii pentru distractii şi plimbări, precum şi un loc de joacă pentru copii.\nVeniți cu o păturiță, un coș de picnic, chiar și cu animalele de companie. Sărbătoriți vara alături de prieteni și familie, în atmosfera elegantă a Wine Picnic!\n\xa0\nCostul setului de degustare (pahar și şapte porții de degustare): 299 MDL\nVizitatorii festivalului vor avea acces la:\nDegustări ghidate de către\xa0Şcoala de Sommelier\nConcerte jazz în fiecare seară\nZonă pentru copii\nIntrarea pe teritoriul Wine Picnic este liberă\nIntrarea pe teritoriul Grădinii Botanice - se achită la intrarea în parc\n\xa0\nWine Picnic este cofinanțat de către Uniunea Europeană.\nParteneri: Primăria mun. Chișinău, Oficiul Național al Viei şi Vinului, Școala de Sommelier din Moldova, Kaufland, Librarius.\nParteneri media: RadioRelax, NewsMaker, Locals', 'entities': [{'offset': 0, 'length': 4, 'type': 'text_link', 'url': 'https://iticket.md/'}, {'offset': 0, 'length': 4, 'type': 'bold'}, {'offset': 5, 'length': 10, 'type': 'text_link', 'url': 'https://iticket.md/events'}, {'offset': 20, 'length': 1, 'type': 'text_link', 'url': 'https://iticket.md/account/notifications/list'}, {'offset': 24, 'length': 25, 'type': 'bold'}], 'link_preview_options': {'url': 'https://iticket.md/', 'prefer_small_media': True}}}]`
2024-06-01 14:06:15,743 P3531|T131972915480384
	telegram.ext.ExtBot DEBUG
	Getting updates: [440094105]
2024-06-01 14:06:15,743 P3531|T131972915480384
	telegram.ext.Application DEBUG
	Processing update Update(message=Message(channel_chat_created=False, chat=Chat(api_kwargs={'all_members_are_administrators': True}, id=-4267387862, title='RoBot Debug', type=<ChatType.GROUP>), date=datetime.datetime(2024, 6, 1, 11, 6, 15, tzinfo=<UTC>), delete_chat_photo=False, entities=(MessageEntity(length=4, offset=0, type=<MessageEntityType.TEXT_LINK>, url='https://iticket.md/'), MessageEntity(length=4, offset=0, type=<MessageEntityType.BOLD>), MessageEntity(length=10, offset=5, type=<MessageEntityType.TEXT_LINK>, url='https://iticket.md/events'), MessageEntity(length=1, offset=20, type=<MessageEntityType.TEXT_LINK>, url='https://iticket.md/account/notifications/list'), MessageEntity(length=25, offset=24, type=<MessageEntityType.BOLD>)), from_user=User(first_name='Анна', id=217555405, is_bot=False, last_name='Дорошева', username='AnnDorosheva'), group_chat_created=False, link_preview_options=LinkPreviewOptions(prefer_small_media=True, url='https://iticket.md/'), message_id=343, supergroup_chat_created=False, text='Logo\nEvenimente\n•••\n2\n￼\nFestival Wine Picnic 2024\n1 iunie\nSâmbătă 11:00\nGrădina Botanică\n299\xa0lei\nCUMPĂRĂ BILETE\nAdaugă în favorite\nVă invităm la Wine Picnic 2024 - un festival al vinului în stil picnic, care va avea loc în primul weekend de vară, într-o poiană pitorească a Grădinii Botanice. Veți avea parte de două zile minunate cu degustări de vinuri nobile, mâncăruri unice și masterclass-uri gastronomice. Fiecare seară se va încheia cu un concert susținut de regina jazz-ului moldovenesc - Geta Burlacu și prietenii săi!\n\xa0\nVeți pătrunde în atmosfera unei vacanțe de vară alături de zeci producători de vinuri, care vor prezenta cele mai interesante produse noi ale sezonului. Vă veți bucura de muzica jazz live și veți savura gastronomia europeana. Multe alte surprize vor crea atmosfera unică a acestei sarbatori de vară.\n\xa0\nÎn poienițele Grădinii Botanice vor fi create zone de interactiune comode pentru comunicare şi degustări, zone de picnic, sectoare confortabile la umbra copacilor, spaţii pentru distractii şi plimbări, precum şi un loc de joacă pentru copii.\nVeniți cu o păturiță, un coș de picnic, chiar și cu animalele de companie. Sărbătoriți vara alături de prieteni și familie, în atmosfera elegantă a Wine Picnic!\n\xa0\nCostul setului de degustare (pahar și şapte porții de degustare): 299 MDL\nVizitatorii festivalului vor avea acces la:\nDegustări ghidate de către\xa0Şcoala de Sommelier\nConcerte jazz în fiecare seară\nZonă pentru copii\nIntrarea pe teritoriul Wine Picnic este liberă\nIntrarea pe teritoriul Grădinii Botanice - se achită la intrarea în parc\n\xa0\nWine Picnic este cofinanțat de către Uniunea Europeană.\nParteneri: Primăria mun. Chișinău, Oficiul Național al Viei şi Vinului, Școala de Sommelier din Moldova, Kaufland, Librarius.\nParteneri media: RadioRelax, NewsMaker, Locals'), update_id=440094105)
2024-06-01 14:06:15,744 P3531|T131972915480384
	vladpy_telegram_ro_bot.Bot INFO
	translation handle begin [440094105]
2024-06-01 14:06:15,744 P3531|T131972915480384
	vladpy_telegram_ro_bot.Translator INFO
	translate begin [440094105]
2024-06-01 14:06:15,744 P3531|T131972915480384
	telegram.ext.ExtBot DEBUG
	Calling Bot API endpoint `getUpdates` with parameters `{'timeout': 10, 'offset': 440094106}`
2024-06-01 14:06:15,749 P3531|T131972915480384
	vladpy_telegram_ro_bot.Translator INFO
	translate [440094105], language detect
2024-06-01 14:06:15,750 P3531|T131972915480384
	vladpy_telegram_ro_bot.Translator INFO
	translate [440094105], sentences extract
2024-06-01 14:06:15,750 P3531|T131972915480384
	vladpy_telegram_ro_bot.Translator INFO
	translate gcloud begin [440094105]
2024-06-01 14:06:16,049 P3531|T131972915480384
	vladpy_telegram_ro_bot.Translator ERROR
	translate gcloud exception [440094105]
Traceback (most recent call last):
  File "/home/vladpy/miniconda3/envs/telegram-ro-bot/lib/python3.11/site-packages/google/api_core/grpc_helpers_async.py", line 85, in __await__
    response = yield from self._call.__await__()
               ^^^^^^^^^^^^^^^^^^^^^^^^^^^^^^^^^
  File "/home/vladpy/miniconda3/envs/telegram-ro-bot/lib/python3.11/site-packages/grpc/aio/_call.py", line 318, in __await__
    raise _create_rpc_error(
grpc.aio._call.AioRpcError: <AioRpcError of RPC that terminated with:
	status = StatusCode.INVALID_ARGUMENT
	details = "Invalid field "labels.username"; value "AnnDorosheva" does not conform to regular expression "[\p{Ll}\p{Lo}\p{N}_-]{0,63}"; character "A" at position 0 is not a non-uppercased letter (Unicode character class Ll or Lo), digit, hyphen, or underscore"
	debug_error_string = "UNKNOWN:Error received from peer ipv4:142.250.181.234:443 {created_time:"2024-06-01T14:06:16.049317318+03:00", grpc_status:3, grpc_message:"Invalid field \"labels.username\"; value \"AnnDorosheva\" does not conform to regular expression \"[\\p{Ll}\\p{Lo}\\p{N}_-]{0,63}\"; character \"A\" at position 0 is not a non-uppercased letter (Unicode character class Ll or Lo), digit, hyphen, or underscore"}"
>

The above exception was the direct cause of the following exception:

Traceback (most recent call last):
  File "/home/vladpy/projects/telegram-ro-bot/src/vladpy_telegram_ro_bot/_application/_translator/_translator.py", line 252, in __translate_gcloud
    await self.__gtranslate_client.translate_text(
  File "/home/vladpy/miniconda3/envs/telegram-ro-bot/lib/python3.11/site-packages/google/cloud/translate_v3/services/translation_service/async_client.py", line 472, in translate_text
    response = await rpc(
               ^^^^^^^^^^
  File "/home/vladpy/miniconda3/envs/telegram-ro-bot/lib/python3.11/site-packages/google/api_core/grpc_helpers_async.py", line 88, in __await__
    raise exceptions.from_grpc_error(rpc_error) from rpc_error
google.api_core.exceptions.InvalidArgument: 400 Invalid field "labels.username"; value "AnnDorosheva" does not conform to regular expression "[\p{Ll}\p{Lo}\p{N}_-]{0,63}"; character "A" at position 0 is not a non-uppercased letter (Unicode character class Ll or Lo), digit, hyphen, or underscore
2024-06-01 14:06:16,050 P3531|T131972915480384
	vladpy_telegram_ro_bot.Application ERROR
	application error: 400 Invalid field "labels.username"; value "AnnDorosheva" does not conform to regular expression "[\p{Ll}\p{Lo}\p{N}_-]{0,63}"; character "A" at position 0 is not a non-uppercased letter (Unicode character class Ll or Lo), digit, hyphen, or underscore
2024-06-01 14:06:25,880 P3531|T131972915480384
	telegram.ext.ExtBot DEBUG
	Call to Bot API endpoint `getUpdates` finished with return value `[]`
2024-06-01 14:06:25,880 P3531|T131972915480384
	telegram.ext.ExtBot DEBUG
	No new updates found.
2024-06-01 14:06:25,913 P3531|T131972915480384
	telegram.ext.ExtBot DEBUG
	Calling Bot API endpoint `getUpdates` with parameters `{'timeout': 10, 'offset': 440094106}`
2024-06-01 14:06:36,018 P3531|T131972915480384
	telegram.ext.ExtBot DEBUG
	Call to Bot API endpoint `getUpdates` finished with return value `[]`
2024-06-01 14:06:36,018 P3531|T131972915480384
	telegram.ext.ExtBot DEBUG
	No new updates found.
2024-06-01 14:06:36,018 P3531|T131972915480384
	telegram.ext.ExtBot DEBUG
	Calling Bot API endpoint `getUpdates` with parameters `{'timeout': 10, 'offset': 440094106}`
2024-06-01 14:06:46,155 P3531|T131972915480384
	telegram.ext.ExtBot DEBUG
	Call to Bot API endpoint `getUpdates` finished with return value `[]`
2024-06-01 14:06:46,155 P3531|T131972915480384
	telegram.ext.ExtBot DEBUG
	No new updates found.
2024-06-01 14:06:46,156 P3531|T131972915480384
	telegram.ext.ExtBot DEBUG
	Calling Bot API endpoint `getUpdates` with parameters `{'timeout': 10, 'offset': 440094106}`
2024-06-01 14:06:54,040 P3531|T131972915480384
	telegram.ext.ExtBot DEBUG
	Call to Bot API endpoint `getUpdates` finished with return value `[{'update_id': 440094106, 'message': {'message_id': 344, 'from': {'id': 217555405, 'is_bot': False, 'first_name': 'Анна', 'last_name': 'Дорошева', 'username': 'AnnDorosheva'}, 'chat': {'id': -4267387862, 'title': 'RoBot Debug', 'type': 'group', 'all_members_are_administrators': True}, 'date': 1717240013, 'text': 'Vă invităm la Wine Picnic 2024 - un festival al vinului în stil picnic, care va avea loc în primul weekend de vară, într-o poiană pitorească a Grădinii Botanice. Veți avea parte de două zile minunate cu degustări de vinuri nobile, mâncăruri unice și masterclass-uri gastronomice. Fiecare seară se va încheia cu un concert susținut de regina jazz-ului moldovenesc - Geta Burlacu și prietenii săi!\n\xa0\nVeți pătrunde în atmosfera unei vacanțe de vară alături de zeci producători de vinuri, care vor prezenta cele mai interesante produse noi ale sezonului. Vă veți bucura de muzica jazz live și veți savura gastronomia europeana. Multe alte surprize vor crea atmosfera unică a acestei sarbatori de vară.\n\xa0\nÎn poienițele Grădinii Botanice vor fi create zone de interactiune comode pentru comunicare şi degustări, zone de picnic, sectoare confortabile la umbra copacilor, spaţii pentru distractii şi plimbări, precum şi un loc de joacă pentru copii.\nVeniți cu o păturiță, un coș de picnic, chiar și cu animalele de companie. Sărbătoriți vara alături de prieteni și familie, în atmosfera elegantă a Wine Picnic!\n\xa0\nCostul setului de degustare (pahar și şapte porții de degustare): 299 MDL\nVizitatorii festivalului vor avea acces la:\nDegustări ghidate de către\xa0Şcoala de Sommelier\nConcerte jazz în fiecare seară\nZonă pentru copii\nIntrarea pe teritoriul Wine Picnic este liberă\nIntrarea pe teritoriul Grădinii Botanice - se achită la intrarea în parc\n\xa0\nWine Picnic este cofinanțat de către Uniunea Europeană.\nParteneri: Primăria mun. Chișinău, Oficiul Național al Viei şi Vinului, Școala de Sommelier din Moldova, Kaufland, Librarius.', 'link_preview_options': {'url': 'https://iticket.md/'}}}]`
2024-06-01 14:06:54,041 P3531|T131972915480384
	telegram.ext.ExtBot DEBUG
	Getting updates: [440094106]
2024-06-01 14:06:54,041 P3531|T131972915480384
	telegram.ext.Application DEBUG
	Processing update Update(message=Message(channel_chat_created=False, chat=Chat(api_kwargs={'all_members_are_administrators': True}, id=-4267387862, title='RoBot Debug', type=<ChatType.GROUP>), date=datetime.datetime(2024, 6, 1, 11, 6, 53, tzinfo=<UTC>), delete_chat_photo=False, from_user=User(first_name='Анна', id=217555405, is_bot=False, last_name='Дорошева', username='AnnDorosheva'), group_chat_created=False, link_preview_options=LinkPreviewOptions(url='https://iticket.md/'), message_id=344, supergroup_chat_created=False, text='Vă invităm la Wine Picnic 2024 - un festival al vinului în stil picnic, care va avea loc în primul weekend de vară, într-o poiană pitorească a Grădinii Botanice. Veți avea parte de două zile minunate cu degustări de vinuri nobile, mâncăruri unice și masterclass-uri gastronomice. Fiecare seară se va încheia cu un concert susținut de regina jazz-ului moldovenesc - Geta Burlacu și prietenii săi!\n\xa0\nVeți pătrunde în atmosfera unei vacanțe de vară alături de zeci producători de vinuri, care vor prezenta cele mai interesante produse noi ale sezonului. Vă veți bucura de muzica jazz live și veți savura gastronomia europeana. Multe alte surprize vor crea atmosfera unică a acestei sarbatori de vară.\n\xa0\nÎn poienițele Grădinii Botanice vor fi create zone de interactiune comode pentru comunicare şi degustări, zone de picnic, sectoare confortabile la umbra copacilor, spaţii pentru distractii şi plimbări, precum şi un loc de joacă pentru copii.\nVeniți cu o păturiță, un coș de picnic, chiar și cu animalele de companie. Sărbătoriți vara alături de prieteni și familie, în atmosfera elegantă a Wine Picnic!\n\xa0\nCostul setului de degustare (pahar și şapte porții de degustare): 299 MDL\nVizitatorii festivalului vor avea acces la:\nDegustări ghidate de către\xa0Şcoala de Sommelier\nConcerte jazz în fiecare seară\nZonă pentru copii\nIntrarea pe teritoriul Wine Picnic este liberă\nIntrarea pe teritoriul Grădinii Botanice - se achită la intrarea în parc\n\xa0\nWine Picnic este cofinanțat de către Uniunea Europeană.\nParteneri: Primăria mun. Chișinău, Oficiul Național al Viei şi Vinului, Școala de Sommelier din Moldova, Kaufland, Librarius.'), update_id=440094106)
2024-06-01 14:06:54,041 P3531|T131972915480384
	vladpy_telegram_ro_bot.Bot INFO
	translation handle begin [440094106]
2024-06-01 14:06:54,041 P3531|T131972915480384
	vladpy_telegram_ro_bot.Translator INFO
	translate begin [440094106]
2024-06-01 14:06:54,042 P3531|T131972915480384
	telegram.ext.ExtBot DEBUG
	Calling Bot API endpoint `getUpdates` with parameters `{'timeout': 10, 'offset': 440094107}`
2024-06-01 14:06:54,047 P3531|T131972915480384
	vladpy_telegram_ro_bot.Translator INFO
	translate [440094106], language detect
2024-06-01 14:06:54,048 P3531|T131972915480384
	vladpy_telegram_ro_bot.Translator INFO
	translate [440094106], sentences extract
2024-06-01 14:06:54,048 P3531|T131972915480384
	vladpy_telegram_ro_bot.Translator INFO
	translate gcloud begin [440094106]
2024-06-01 14:06:54,347 P3531|T131972915480384
	vladpy_telegram_ro_bot.Translator ERROR
	translate gcloud exception [440094106]
Traceback (most recent call last):
  File "/home/vladpy/miniconda3/envs/telegram-ro-bot/lib/python3.11/site-packages/google/api_core/grpc_helpers_async.py", line 85, in __await__
    response = yield from self._call.__await__()
               ^^^^^^^^^^^^^^^^^^^^^^^^^^^^^^^^^
  File "/home/vladpy/miniconda3/envs/telegram-ro-bot/lib/python3.11/site-packages/grpc/aio/_call.py", line 318, in __await__
    raise _create_rpc_error(
grpc.aio._call.AioRpcError: <AioRpcError of RPC that terminated with:
	status = StatusCode.INVALID_ARGUMENT
	details = "Invalid field "labels.username"; value "AnnDorosheva" does not conform to regular expression "[\p{Ll}\p{Lo}\p{N}_-]{0,63}"; character "A" at position 0 is not a non-uppercased letter (Unicode character class Ll or Lo), digit, hyphen, or underscore"
	debug_error_string = "UNKNOWN:Error received from peer ipv4:142.250.181.234:443 {grpc_message:"Invalid field \"labels.username\"; value \"AnnDorosheva\" does not conform to regular expression \"[\\p{Ll}\\p{Lo}\\p{N}_-]{0,63}\"; character \"A\" at position 0 is not a non-uppercased letter (Unicode character class Ll or Lo), digit, hyphen, or underscore", grpc_status:3, created_time:"2024-06-01T14:06:54.347376546+03:00"}"
>

The above exception was the direct cause of the following exception:

Traceback (most recent call last):
  File "/home/vladpy/projects/telegram-ro-bot/src/vladpy_telegram_ro_bot/_application/_translator/_translator.py", line 252, in __translate_gcloud
    await self.__gtranslate_client.translate_text(
  File "/home/vladpy/miniconda3/envs/telegram-ro-bot/lib/python3.11/site-packages/google/cloud/translate_v3/services/translation_service/async_client.py", line 472, in translate_text
    response = await rpc(
               ^^^^^^^^^^
  File "/home/vladpy/miniconda3/envs/telegram-ro-bot/lib/python3.11/site-packages/google/api_core/grpc_helpers_async.py", line 88, in __await__
    raise exceptions.from_grpc_error(rpc_error) from rpc_error
google.api_core.exceptions.InvalidArgument: 400 Invalid field "labels.username"; value "AnnDorosheva" does not conform to regular expression "[\p{Ll}\p{Lo}\p{N}_-]{0,63}"; character "A" at position 0 is not a non-uppercased letter (Unicode character class Ll or Lo), digit, hyphen, or underscore
2024-06-01 14:06:54,348 P3531|T131972915480384
	vladpy_telegram_ro_bot.Application ERROR
	application error: 400 Invalid field "labels.username"; value "AnnDorosheva" does not conform to regular expression "[\p{Ll}\p{Lo}\p{N}_-]{0,63}"; character "A" at position 0 is not a non-uppercased letter (Unicode character class Ll or Lo), digit, hyphen, or underscore
2024-06-01 14:07:04,178 P3531|T131972915480384
	telegram.ext.ExtBot DEBUG
	Call to Bot API endpoint `getUpdates` finished with return value `[]`
2024-06-01 14:07:04,178 P3531|T131972915480384
	telegram.ext.ExtBot DEBUG
	No new updates found.
2024-06-01 14:07:04,178 P3531|T131972915480384
	telegram.ext.ExtBot DEBUG
	Calling Bot API endpoint `getUpdates` with parameters `{'timeout': 10, 'offset': 440094107}`
2024-06-01 14:07:14,315 P3531|T131972915480384
	telegram.ext.ExtBot DEBUG
	Call to Bot API endpoint `getUpdates` finished with return value `[]`
2024-06-01 14:07:14,315 P3531|T131972915480384
	telegram.ext.ExtBot DEBUG
	No new updates found.
2024-06-01 14:07:14,316 P3531|T131972915480384
	telegram.ext.ExtBot DEBUG
	Calling Bot API endpoint `getUpdates` with parameters `{'timeout': 10, 'offset': 440094107}`
2024-06-01 14:07:14,623 P3531|T131972915480384
	telegram.ext.ExtBot DEBUG
	Call to Bot API endpoint `getUpdates` finished with return value `[{'update_id': 440094107, 'message': {'message_id': 345, 'from': {'id': 217555405, 'is_bot': False, 'first_name': 'Анна', 'last_name': 'Дорошева', 'username': 'AnnDorosheva'}, 'chat': {'id': -4267387862, 'title': 'RoBot Debug', 'type': 'group', 'all_members_are_administrators': True}, 'date': 1717240034, 'text': 'Vă invităm la Wine Picnic 2024 - un festival al vinului în stil picnic, care va avea loc în primul weekend de vară, într-o poiană pitorească a Grădinii Botanice. Veți avea parte de două zile minunate cu degustări de vinuri nobile, mâncăruri unice și masterclass-uri gastronomice. Fiecare seară se va încheia cu un concert susținut de regina jazz-ului moldovenesc - Geta Burlacu și prietenii săi!\n\xa0\nVeți pătrunde în atmosfera unei vacanțe de vară alături de zeci producători de vinuri, care vor prezenta cele mai interesante produse noi ale sezonului. Vă veți bucura de muzica jazz live și veți savura gastronomia europeana. Multe alte surprize vor crea atmosfera unică a acestei sarbatori de vară.\n\xa0\nÎn poienițele Grădinii Botanice vor fi create zone de interactiune comode pentru comunicare şi degustări, zone de picnic, sectoare confortabile la umbra copacilor, spaţii pentru distractii şi plimbări, precum şi un loc de joacă pentru copii.\nVeniți cu o păturiță, un coș de picnic, chiar și cu animalele de companie. Sărbătoriți vara alături de prieteni și familie, în atmosfera elegantă a Wine Picnic!\n\xa0\nCostul setului de degustare (pahar și şapte porții de degustare): 299 MDL\nVizitatorii festivalului vor avea acces la:\nDegustări ghidate de către\xa0Şcoala de Sommelier\nConcerte jazz în fiecare seară\nZonă pentru copii\nIntrarea pe teritoriul Wine Picnic este liberă\nIntrarea pe teritoriul Grădinii Botanice - se achită la intrarea în parc\n\xa0\nWine Picnic este cofinanțat de către Uniunea Europeană.\nParteneri: Primăria mun. Chișinău, Oficiul Național al Viei şi Vinului, Școala de Sommelier din Moldova, Kaufland, Librarius.'}}]`
2024-06-01 14:07:14,623 P3531|T131972915480384
	telegram.ext.ExtBot DEBUG
	Getting updates: [440094107]
2024-06-01 14:07:14,624 P3531|T131972915480384
	telegram.ext.Application DEBUG
	Processing update Update(message=Message(channel_chat_created=False, chat=Chat(api_kwargs={'all_members_are_administrators': True}, id=-4267387862, title='RoBot Debug', type=<ChatType.GROUP>), date=datetime.datetime(2024, 6, 1, 11, 7, 14, tzinfo=<UTC>), delete_chat_photo=False, from_user=User(first_name='Анна', id=217555405, is_bot=False, last_name='Дорошева', username='AnnDorosheva'), group_chat_created=False, message_id=345, supergroup_chat_created=False, text='Vă invităm la Wine Picnic 2024 - un festival al vinului în stil picnic, care va avea loc în primul weekend de vară, într-o poiană pitorească a Grădinii Botanice. Veți avea parte de două zile minunate cu degustări de vinuri nobile, mâncăruri unice și masterclass-uri gastronomice. Fiecare seară se va încheia cu un concert susținut de regina jazz-ului moldovenesc - Geta Burlacu și prietenii săi!\n\xa0\nVeți pătrunde în atmosfera unei vacanțe de vară alături de zeci producători de vinuri, care vor prezenta cele mai interesante produse noi ale sezonului. Vă veți bucura de muzica jazz live și veți savura gastronomia europeana. Multe alte surprize vor crea atmosfera unică a acestei sarbatori de vară.\n\xa0\nÎn poienițele Grădinii Botanice vor fi create zone de interactiune comode pentru comunicare şi degustări, zone de picnic, sectoare confortabile la umbra copacilor, spaţii pentru distractii şi plimbări, precum şi un loc de joacă pentru copii.\nVeniți cu o păturiță, un coș de picnic, chiar și cu animalele de companie. Sărbătoriți vara alături de prieteni și familie, în atmosfera elegantă a Wine Picnic!\n\xa0\nCostul setului de degustare (pahar și şapte porții de degustare): 299 MDL\nVizitatorii festivalului vor avea acces la:\nDegustări ghidate de către\xa0Şcoala de Sommelier\nConcerte jazz în fiecare seară\nZonă pentru copii\nIntrarea pe teritoriul Wine Picnic este liberă\nIntrarea pe teritoriul Grădinii Botanice - se achită la intrarea în parc\n\xa0\nWine Picnic este cofinanțat de către Uniunea Europeană.\nParteneri: Primăria mun. Chișinău, Oficiul Național al Viei şi Vinului, Școala de Sommelier din Moldova, Kaufland, Librarius.'), update_id=440094107)
2024-06-01 14:07:14,624 P3531|T131972915480384
	vladpy_telegram_ro_bot.Bot INFO
	translation handle begin [440094107]
2024-06-01 14:07:14,624 P3531|T131972915480384
	vladpy_telegram_ro_bot.Translator INFO
	translate begin [440094107]
2024-06-01 14:07:14,624 P3531|T131972915480384
	telegram.ext.ExtBot DEBUG
	Calling Bot API endpoint `getUpdates` with parameters `{'timeout': 10, 'offset': 440094108}`
2024-06-01 14:07:14,629 P3531|T131972915480384
	vladpy_telegram_ro_bot.Translator INFO
	translate [440094107], language detect
2024-06-01 14:07:14,630 P3531|T131972915480384
	vladpy_telegram_ro_bot.Translator INFO
	translate [440094107], sentences extract
2024-06-01 14:07:14,630 P3531|T131972915480384
	vladpy_telegram_ro_bot.Translator INFO
	translate gcloud begin [440094107]
2024-06-01 14:07:14,737 P3531|T131972915480384
	vladpy_telegram_ro_bot.Translator ERROR
	translate gcloud exception [440094107]
Traceback (most recent call last):
  File "/home/vladpy/miniconda3/envs/telegram-ro-bot/lib/python3.11/site-packages/google/api_core/grpc_helpers_async.py", line 85, in __await__
    response = yield from self._call.__await__()
               ^^^^^^^^^^^^^^^^^^^^^^^^^^^^^^^^^
  File "/home/vladpy/miniconda3/envs/telegram-ro-bot/lib/python3.11/site-packages/grpc/aio/_call.py", line 318, in __await__
    raise _create_rpc_error(
grpc.aio._call.AioRpcError: <AioRpcError of RPC that terminated with:
	status = StatusCode.INVALID_ARGUMENT
	details = "Invalid field "labels.username"; value "AnnDorosheva" does not conform to regular expression "[\p{Ll}\p{Lo}\p{N}_-]{0,63}"; character "A" at position 0 is not a non-uppercased letter (Unicode character class Ll or Lo), digit, hyphen, or underscore"
	debug_error_string = "UNKNOWN:Error received from peer ipv4:142.250.181.234:443 {created_time:"2024-06-01T14:07:14.737539585+03:00", grpc_status:3, grpc_message:"Invalid field \"labels.username\"; value \"AnnDorosheva\" does not conform to regular expression \"[\\p{Ll}\\p{Lo}\\p{N}_-]{0,63}\"; character \"A\" at position 0 is not a non-uppercased letter (Unicode character class Ll or Lo), digit, hyphen, or underscore"}"
>

The above exception was the direct cause of the following exception:

Traceback (most recent call last):
  File "/home/vladpy/projects/telegram-ro-bot/src/vladpy_telegram_ro_bot/_application/_translator/_translator.py", line 252, in __translate_gcloud
    await self.__gtranslate_client.translate_text(
  File "/home/vladpy/miniconda3/envs/telegram-ro-bot/lib/python3.11/site-packages/google/cloud/translate_v3/services/translation_service/async_client.py", line 472, in translate_text
    response = await rpc(
               ^^^^^^^^^^
  File "/home/vladpy/miniconda3/envs/telegram-ro-bot/lib/python3.11/site-packages/google/api_core/grpc_helpers_async.py", line 88, in __await__
    raise exceptions.from_grpc_error(rpc_error) from rpc_error
google.api_core.exceptions.InvalidArgument: 400 Invalid field "labels.username"; value "AnnDorosheva" does not conform to regular expression "[\p{Ll}\p{Lo}\p{N}_-]{0,63}"; character "A" at position 0 is not a non-uppercased letter (Unicode character class Ll or Lo), digit, hyphen, or underscore
2024-06-01 14:07:14,738 P3531|T131972915480384
	vladpy_telegram_ro_bot.Application ERROR
	application error: 400 Invalid field "labels.username"; value "AnnDorosheva" does not conform to regular expression "[\p{Ll}\p{Lo}\p{N}_-]{0,63}"; character "A" at position 0 is not a non-uppercased letter (Unicode character class Ll or Lo), digit, hyphen, or underscore
2024-06-01 14:07:24,761 P3531|T131972915480384
	telegram.ext.ExtBot DEBUG
	Call to Bot API endpoint `getUpdates` finished with return value `[]`
2024-06-01 14:07:24,761 P3531|T131972915480384
	telegram.ext.ExtBot DEBUG
	No new updates found.
2024-06-01 14:07:24,761 P3531|T131972915480384
	telegram.ext.ExtBot DEBUG
	Calling Bot API endpoint `getUpdates` with parameters `{'timeout': 10, 'offset': 440094108}`
2024-06-01 14:07:34,898 P3531|T131972915480384
	telegram.ext.ExtBot DEBUG
	Call to Bot API endpoint `getUpdates` finished with return value `[]`
